<?xml version="1.0" encoding="UTF-8"?>
<!-- Generated by org.testng.reporters.JUnitReportReporter -->
<testsuite skipped="0" hostname="DESKTOP-29VP0U2" name="testScenario.Collections" tests="2" failures="0" timestamp="24 Nov 2020 15:36:59 GMT" time="8.940" errors="0">
  <testcase name="log" time="0.019" classname="testScenario.Collections"/>
  <testcase name="getBeingAtHomeCollections" time="8.921" classname="testScenario.Collections"/>
</testsuite> <!-- testScenario.Collections -->
